[    0.000000] Linux version 4.15.0-123-generic (buildd@lcy01-amd64-017) (gcc version 7.5.0 (Ubuntu 7.5.0-3ubuntu1~18.04)) #126-Ubuntu SMP Wed Oct 21 09:40:11 UTC 2020 (Ubuntu 4.15.0-123.126-generic 4.15.18)
[    0.000000] Command line: BOOT_IMAGE=/boot/vmlinuz-4.15.0-123-generic root=LABEL=cloudimg-rootfs ro console=tty1 console=ttyS0
[    0.000000] KERNEL supported cpus:
[    0.000000]   Intel GenuineIntel
[    0.000000]   AMD AuthenticAMD
[    0.000000]   Centaur CentaurHauls
[    0.000000] x86/fpu: Supporting XSAVE feature 0x001: 'x87 floating point registers'
[    0.000000] x86/fpu: Supporting XSAVE feature 0x002: 'SSE registers'
[    0.000000] x86/fpu: Supporting XSAVE feature 0x004: 'AVX registers'
[    0.000000] x86/fpu: xstate_offset[2]:  576, xstate_sizes[2]:  256
[    0.000000] x86/fpu: Enabled xstate features 0x7, context size is 832 bytes, using 'standard' format.
[    0.000000] e820: BIOS-provided physical RAM map:
[    0.000000] BIOS-e820: [mem 0x0000000000000000-0x000000000009fbff] usable
[    0.000000] BIOS-e820: [mem 0x000000000009fc00-0x000000000009ffff] reserved
[    0.000000] BIOS-e820: [mem 0x00000000000f0000-0x00000000000fffff] reserved
[    0.000000] BIOS-e820: [mem 0x0000000000100000-0x000000007ffeffff] usable
[    0.000000] BIOS-e820: [mem 0x000000007fff0000-0x000000007fffffff] ACPI data
[    0.000000] BIOS-e820: [mem 0x00000000fec00000-0x00000000fec00fff] reserved
[    0.000000] BIOS-e820: [mem 0x00000000fee00000-0x00000000fee00fff] reserved
[    0.000000] BIOS-e820: [mem 0x00000000fffc0000-0x00000000ffffffff] reserved
[    0.000000] NX (Execute Disable) protection: active
[    0.000000] SMBIOS 2.5 present.
[    0.000000] DMI: innotek GmbH VirtualBox/VirtualBox, BIOS VirtualBox 12/01/2006
[    0.000000] Hypervisor detected: KVM
[    0.000000] e820: last_pfn = 0x7fff0 max_arch_pfn = 0x400000000
[    0.000000] MTRR: Disabled
[    0.000000] x86/PAT: MTRRs disabled, skipping PAT initialization too.
[    0.000000] CPU MTRRs all blank - virtualized system.
[    0.000000] x86/PAT: Configuration [0-7]: WB  WT  UC- UC  WB  WT  UC- UC  
[    0.000000] found SMP MP-table at [mem 0x0009fff0-0x0009ffff]
[    0.000000] Scanning 1 areas for low memory corruption
[    0.000000] RAMDISK: [mem 0x35a65000-0x36d29fff]
[    0.000000] ACPI: Early table checksum verification disabled
[    0.000000] ACPI: RSDP 0x00000000000E0000 000024 (v02 VBOX  )
[    0.000000] ACPI: XSDT 0x000000007FFF0030 00003C (v01 VBOX   VBOXXSDT 00000001 ASL  00000061)
[    0.000000] ACPI: FACP 0x000000007FFF00F0 0000F4 (v04 VBOX   VBOXFACP 00000001 ASL  00000061)
[    0.000000] ACPI: DSDT 0x000000007FFF0470 002325 (v02 VBOX   VBOXBIOS 00000002 INTL 20120111)
[    0.000000] ACPI: FACS 0x000000007FFF0200 000040
[    0.000000] ACPI: FACS 0x000000007FFF0200 000040
[    0.000000] ACPI: APIC 0x000000007FFF0240 00005C (v02 VBOX   VBOXAPIC 00000001 ASL  00000061)
[    0.000000] ACPI: SSDT 0x000000007FFF02A0 0001CC (v01 VBOX   VBOXCPUT 00000002 INTL 20120111)
[    0.000000] No NUMA configuration found
[    0.000000] Faking a node at [mem 0x0000000000000000-0x000000007ffeffff]
[    0.000000] NODE_DATA(0) allocated [mem 0x7ffc5000-0x7ffeffff]
[    0.000000] kvm-clock: cpu 0, msr 0:7ff44001, primary cpu clock
[    0.000000] kvm-clock: Using msrs 4b564d01 and 4b564d00
[    0.000000] kvm-clock: using sched offset of 3814173542 cycles
[    0.000000] clocksource: kvm-clock: mask: 0xffffffffffffffff max_cycles: 0x1cd42e4dffb, max_idle_ns: 881590591483 ns
[    0.000000] Zone ranges:
[    0.000000]   DMA      [mem 0x0000000000001000-0x0000000000ffffff]
[    0.000000]   DMA32    [mem 0x0000000001000000-0x000000007ffeffff]
[    0.000000]   Normal   empty
[    0.000000]   Device   empty
[    0.000000] Movable zone start for each node
[    0.000000] Early memory node ranges
[    0.000000]   node   0: [mem 0x0000000000001000-0x000000000009efff]
[    0.000000]   node   0: [mem 0x0000000000100000-0x000000007ffeffff]
[    0.000000] Reserved but unavailable: 98 pages
[    0.000000] Initmem setup node 0 [mem 0x0000000000001000-0x000000007ffeffff]
[    0.000000] ACPI: PM-Timer IO Port: 0x4008
[    0.000000] IOAPIC[0]: apic_id 2, version 32, address 0xfec00000, GSI 0-23
[    0.000000] ACPI: INT_SRC_OVR (bus 0 bus_irq 0 global_irq 2 dfl dfl)
[    0.000000] ACPI: INT_SRC_OVR (bus 0 bus_irq 9 global_irq 9 low level)
[    0.000000] Using ACPI (MADT) for SMP configuration information
[    0.000000] smpboot: Allowing 2 CPUs, 0 hotplug CPUs
[    0.000000] PM: Registered nosave memory: [mem 0x00000000-0x00000fff]
[    0.000000] PM: Registered nosave memory: [mem 0x0009f000-0x0009ffff]
[    0.000000] PM: Registered nosave memory: [mem 0x000a0000-0x000effff]
[    0.000000] PM: Registered nosave memory: [mem 0x000f0000-0x000fffff]
[    0.000000] e820: [mem 0x80000000-0xfebfffff] available for PCI devices
[    0.000000] Booting paravirtualized kernel on KVM
[    0.000000] clocksource: refined-jiffies: mask: 0xffffffff max_cycles: 0xffffffff, max_idle_ns: 7645519600211568 ns
[    0.000000] random: get_random_bytes called from start_kernel+0x99/0x500 with crng_init=0
[    0.000000] setup_percpu: NR_CPUS:8192 nr_cpumask_bits:2 nr_cpu_ids:2 nr_node_ids:1
[    0.000000] percpu: Embedded 45 pages/cpu s147456 r8192 d28672 u1048576
[    0.000000] PV qspinlock hash table entries: 256 (order: 0, 4096 bytes)
[    0.000000] Built 1 zonelists, mobility grouping on.  Total pages: 515961
[    0.000000] Policy zone: DMA32
[    0.000000] Kernel command line: BOOT_IMAGE=/boot/vmlinuz-4.15.0-123-generic root=LABEL=cloudimg-rootfs ro console=tty1 console=ttyS0
[    0.000000] Memory: 2015220K/2096696K available (12300K kernel code, 2482K rwdata, 4272K rodata, 2436K init, 2724K bss, 81476K reserved, 0K cma-reserved)
[    0.000000] SLUB: HWalign=64, Order=0-3, MinObjects=0, CPUs=2, Nodes=1
[    0.000000] Kernel/User page tables isolation: enabled
[    0.000000] ftrace: allocating 39402 entries in 154 pages
[    0.004000] Hierarchical RCU implementation.
[    0.004000] 	RCU restricting CPUs from NR_CPUS=8192 to nr_cpu_ids=2.
[    0.004000] 	Tasks RCU enabled.
[    0.004000] RCU: Adjusting geometry for rcu_fanout_leaf=16, nr_cpu_ids=2
[    0.004000] NR_IRQS: 524544, nr_irqs: 440, preallocated irqs: 16
[    0.004000] Console: colour VGA+ 80x25
[    0.004000] console [tty1] enabled
[    0.004000] console [ttyS0] enabled
[    0.004000] ACPI: Core revision 20170831
[    0.004000] ACPI: 2 ACPI AML tables successfully acquired and loaded
[    0.004000] APIC: Switch to symmetric I/O mode setup
[    0.004000] x2apic enabled
[    0.004000] Switched APIC routing to physical x2apic.
[    0.004000] ..TIMER: vector=0x30 apic1=0 pin1=2 apic2=-1 pin2=-1
[    0.004004] tsc: Detected 2399.998 MHz processor
[    0.004785] Calibrating delay loop (skipped) preset value.. 4799.99 BogoMIPS (lpj=9599992)
[    0.005785] pid_max: default: 32768 minimum: 301
[    0.006616] Security Framework initialized
[    0.008003] Yama: becoming mindful.
[    0.008635] AppArmor: AppArmor initialized
[    0.010837] Dentry cache hash table entries: 262144 (order: 9, 2097152 bytes)
[    0.013413] Inode-cache hash table entries: 131072 (order: 8, 1048576 bytes)
[    0.014586] Mount-cache hash table entries: 4096 (order: 3, 32768 bytes)
[    0.016007] Mountpoint-cache hash table entries: 4096 (order: 3, 32768 bytes)
[    0.017433] Last level iTLB entries: 4KB 64, 2MB 8, 4MB 8
[    0.018666] Last level dTLB entries: 4KB 64, 2MB 0, 4MB 0, 1GB 4
[    0.020004] Spectre V1 : Mitigation: usercopy/swapgs barriers and __user pointer sanitization
[    0.022121] Spectre V2 : Mitigation: Full generic retpoline
[    0.023035] Spectre V2 : Spectre v2 / SpectreRSB mitigation: Filling RSB on context switch
[    0.024003] Speculative Store Bypass: Vulnerable
[    0.024852] SRBDS: Unknown: Dependent on hypervisor status
[    0.026271] MDS: Mitigation: Clear CPU buffers
[    0.027200] Freeing SMP alternatives memory: 36K
[    0.138329] smpboot: CPU0: Intel(R) Core(TM) i5-8279U CPU @ 2.40GHz (family: 0x6, model: 0x8e, stepping: 0xa)
[    0.140000] Performance Events: unsupported p6 CPU model 142 no PMU driver, software events only.
[    0.140000] Hierarchical SRCU implementation.
[    0.140623] NMI watchdog: Perf event create on CPU 0 failed with -2
[    0.141660] NMI watchdog: Perf NMI watchdog permanently disabled
[    0.142725] smp: Bringing up secondary CPUs ...
[    0.144074] x86: Booting SMP configuration:
[    0.144969] .... node  #0, CPUs:      #1
[    0.004000] kvm-clock: cpu 1, msr 0:7ff44041, secondary cpu clock
[    0.148018] smp: Brought up 1 node, 2 CPUs
[    0.148740] smpboot: Max logical packages: 1
[    0.149734] smpboot: Total of 2 processors activated (9599.99 BogoMIPS)
[    0.152148] devtmpfs: initialized
[    0.152645] x86/mm: Memory block size: 128MB
[    0.153523] evm: security.selinux
[    0.154128] evm: security.SMACK64
[    0.154714] evm: security.SMACK64EXEC
[    0.156005] evm: security.SMACK64TRANSMUTE
[    0.156743] evm: security.SMACK64MMAP
[    0.157380] evm: security.apparmor
[    0.157972] evm: security.ima
[    0.158496] evm: security.capability
[    0.160008] clocksource: jiffies: mask: 0xffffffff max_cycles: 0xffffffff, max_idle_ns: 7645041785100000 ns
[    0.162167] futex hash table entries: 512 (order: 3, 32768 bytes)
[    0.163268] pinctrl core: initialized pinctrl subsystem
[    0.164104] RTC time:  9:18:31, date: 11/13/20
[    0.164973] NET: Registered protocol family 16
[    0.165788] audit: initializing netlink subsys (disabled)
[    0.166719] audit: type=2000 audit(1605259116.781:1): state=initialized audit_enabled=0 res=1
[    0.168011] cpuidle: using governor ladder
[    0.169072] cpuidle: using governor menu
[    0.169931] ACPI: bus type PCI registered
[    0.170675] acpiphp: ACPI Hot Plug PCI Controller Driver version: 0.5
[    0.172102] PCI: Using configuration type 1 for base access
[    0.176060] HugeTLB registered 2.00 MiB page size, pre-allocated 0 pages
[    0.177155] ACPI: Added _OSI(Module Device)
[    0.177155] ACPI: Added _OSI(Processor Device)
[    0.177549] ACPI: Added _OSI(3.0 _SCP Extensions)
[    0.180004] ACPI: Added _OSI(Processor Aggregator Device)
[    0.180896] ACPI: Added _OSI(Linux-Dell-Video)
[    0.181665] ACPI: Added _OSI(Linux-Lenovo-NV-HDMI-Audio)
[    0.182551] ACPI: Added _OSI(Linux-HPI-Hybrid-Graphics)
[    0.184319] ACPI: Executed 1 blocks of module-level executable AML code
[    0.187809] ACPI: Interpreter enabled
[    0.188012] ACPI: (supports S0 S5)
[    0.188603] ACPI: Using IOAPIC for interrupt routing
[    0.189599] PCI: Using host bridge windows from ACPI; if necessary, use "pci=nocrs" and report a bug
[    0.191319] ACPI: Enabled 2 GPEs in block 00 to 07
[    0.198995] ACPI: PCI Root Bridge [PCI0] (domain 0000 [bus 00-ff])
[    0.200014] acpi PNP0A03:00: _OSC: OS supports [ASPM ClockPM Segments MSI]
[    0.202026] acpi PNP0A03:00: _OSC: not requesting OS control; OS requires [ExtendedConfig ASPM ClockPM MSI]
[    0.204020] acpi PNP0A03:00: fail to add MMCONFIG information, can't access extended PCI configuration space under this bridge.
[    0.206784] PCI host bridge to bus 0000:00
[    0.207521] pci_bus 0000:00: root bus resource [io  0x0000-0x0cf7 window]
[    0.208007] pci_bus 0000:00: root bus resource [io  0x0d00-0xffff window]
[    0.209158] pci_bus 0000:00: root bus resource [mem 0x000a0000-0x000bffff window]
[    0.210439] pci_bus 0000:00: root bus resource [mem 0x80000000-0xfdffffff window]
[    0.212004] pci_bus 0000:00: root bus resource [bus 00-ff]
[    0.216895] pci 0000:00:01.1: legacy IDE quirk: reg 0x10: [io  0x01f0-0x01f7]
[    0.218092] pci 0000:00:01.1: legacy IDE quirk: reg 0x14: [io  0x03f6]
[    0.219198] pci 0000:00:01.1: legacy IDE quirk: reg 0x18: [io  0x0170-0x0177]
[    0.220006] pci 0000:00:01.1: legacy IDE quirk: reg 0x1c: [io  0x0376]
[    0.239275] pci 0000:00:07.0: quirk: [io  0x4000-0x403f] claimed by PIIX4 ACPI
[    0.240020] pci 0000:00:07.0: quirk: [io  0x4100-0x410f] claimed by PIIX4 SMB
[    0.253644] ACPI: PCI Interrupt Link [LNKA] (IRQs 5 9 10 *11)
[    0.255653] ACPI: PCI Interrupt Link [LNKB] (IRQs 5 9 *10 11)
[    0.256122] ACPI: PCI Interrupt Link [LNKC] (IRQs 5 *9 10 11)
[    0.257535] ACPI: PCI Interrupt Link [LNKD] (IRQs 5 9 10 *11)
[    0.260268] SCSI subsystem initialized
[    0.261109] pci 0000:00:02.0: vgaarb: setting as boot VGA device
[    0.261201] pci 0000:00:02.0: vgaarb: VGA device added: decodes=io+mem,owns=io+mem,locks=none
[    0.262680] pci 0000:00:02.0: vgaarb: bridge control possible
[    0.264012] vgaarb: loaded
[    0.264586] ACPI: bus type USB registered
[    0.265322] usbcore: registered new interface driver usbfs
[    0.266276] usbcore: registered new interface driver hub
[    0.268027] usbcore: registered new device driver usb
[    0.269010] EDAC MC: Ver: 3.0.0
[    0.269010] PCI: Using ACPI for IRQ routing
[    0.272395] NetLabel: Initializing
[    0.273234] NetLabel:  domain hash size = 128
[    0.274259] NetLabel:  protocols = UNLABELED CIPSOv4 CALIPSO
[    0.275203] NetLabel:  unlabeled traffic allowed by default
[    0.276059] clocksource: Switched to clocksource kvm-clock
[    0.288763] VFS: Disk quotas dquot_6.6.0
[    0.289469] VFS: Dquot-cache hash table entries: 512 (order 0, 4096 bytes)
[    0.290722] AppArmor: AppArmor Filesystem Enabled
[    0.291559] pnp: PnP ACPI init
[    0.293359] pnp: PnP ACPI: found 3 devices
[    0.302588] clocksource: acpi_pm: mask: 0xffffff max_cycles: 0xffffff, max_idle_ns: 2085701024 ns
[    0.304389] NET: Registered protocol family 2
[    0.305432] TCP established hash table entries: 16384 (order: 5, 131072 bytes)
[    0.306754] TCP bind hash table entries: 16384 (order: 6, 262144 bytes)
[    0.307988] TCP: Hash tables configured (established 16384 bind 16384)
[    0.311008] UDP hash table entries: 1024 (order: 3, 32768 bytes)
[    0.312457] UDP-Lite hash table entries: 1024 (order: 3, 32768 bytes)
[    0.313883] NET: Registered protocol family 1
[    0.314671] pci 0000:00:00.0: Limiting direct PCI/PCI transfers
[    0.315745] pci 0000:00:01.0: Activating ISA DMA hang workarounds
[    0.316920] pci 0000:00:02.0: Video device with shadowed ROM at [mem 0x000c0000-0x000dffff]
[    0.318396] Unpacking initramfs...
[    0.575982] Freeing initrd memory: 19220K
[    0.576816] clocksource: tsc: mask: 0xffffffffffffffff max_cycles: 0x229835b7123, max_idle_ns: 440795242976 ns
[    0.578513] platform rtc_cmos: registered platform RTC device (no PNP device found)
[    0.579817] Scanning for low memory corruption every 60 seconds
[    0.581404] Initialise system trusted keyrings
[    0.582188] Key type blacklist registered
[    0.583000] workingset: timestamp_bits=36 max_order=19 bucket_order=0
[    0.584777] zbud: loaded
[    0.585727] squashfs: version 4.0 (2009/01/31) Phillip Lougher
[    0.587324] fuse init (API version 7.26)
[    0.590717] Key type asymmetric registered
[    0.591486] Asymmetric key parser 'x509' registered
[    0.592396] Block layer SCSI generic (bsg) driver version 0.4 loaded (major 246)
[    0.593709] io scheduler noop registered
[    0.594408] io scheduler deadline registered
[    0.595552] io scheduler cfq registered (default)
[    0.596819] ACPI: AC Adapter [AC] (on-line)
[    0.597578] input: Power Button as /devices/LNXSYSTM:00/LNXPWRBN:00/input/input0
[    0.598865] ACPI: Power Button [PWRF]
[    0.599582] input: Sleep Button as /devices/LNXSYSTM:00/LNXSLPBN:00/input/input1
[    0.600918] ACPI: Sleep Button [SLPF]
[    0.602857] ACPI: Battery Slot [BAT0] (battery present)
[    0.604176] Serial: 8250/16550 driver, 32 ports, IRQ sharing enabled
[    0.626221] 00:02: ttyS0 at I/O 0x3f8 (irq = 4, base_baud = 115200) is a 16550A
[    0.628411] Linux agpgart interface v0.103
[    0.631512] loop: module loaded
[    0.632716] scsi host0: ata_piix
[    0.633602] scsi host1: ata_piix
[    0.634605] ata1: PATA max UDMA/33 cmd 0x1f0 ctl 0x3f6 bmdma 0xd000 irq 14
[    0.636231] ata2: PATA max UDMA/33 cmd 0x170 ctl 0x376 bmdma 0xd008 irq 15
[    0.637502] libphy: Fixed MDIO Bus: probed
[    0.638452] tun: Universal TUN/TAP device driver, 1.6
[    0.639348] PPP generic driver version 2.4.2
[    0.640109] ehci_hcd: USB 2.0 'Enhanced' Host Controller (EHCI) Driver
[    0.641262] ehci-pci: EHCI PCI platform driver
[    0.642049] ehci-platform: EHCI generic platform driver
[    0.642930] ohci_hcd: USB 1.1 'Open' Host Controller (OHCI) Driver
[    0.643959] ohci-pci: OHCI PCI platform driver
[    0.645082] ohci-platform: OHCI generic platform driver
[    0.646035] uhci_hcd: USB Universal Host Controller Interface driver
[    0.647160] i8042: PNP: PS/2 Controller [PNP0303:PS2K,PNP0f03:PS2M] at 0x60,0x64 irq 1,12
[    0.649083] serio: i8042 KBD port at 0x60,0x64 irq 1
[    0.650265] serio: i8042 AUX port at 0x60,0x64 irq 12
[    0.651355] mousedev: PS/2 mouse device common for all mice
[    0.652640] input: AT Translated Set 2 keyboard as /devices/platform/i8042/serio0/input/input2
[    0.654592] rtc_cmos rtc_cmos: rtc core: registered rtc_cmos as rtc0
[    0.656441] rtc_cmos rtc_cmos: alarms up to one day, 114 bytes nvram
[    0.657832] i2c /dev entries driver
[    0.658505] device-mapper: uevent: version 1.0.3
[    0.659410] device-mapper: ioctl: 4.37.0-ioctl (2017-09-20) initialised: dm-devel@redhat.com
[    0.661048] ledtrig-cpu: registered to indicate activity on CPUs
[    0.662513] NET: Registered protocol family 10
[    0.666576] Segment Routing with IPv6
[    0.667258] NET: Registered protocol family 17
[    0.668179] Key type dns_resolver registered
[    0.669484] mce: Using 0 MCE banks
[    0.670287] RAS: Correctable Errors collector initialized.
[    0.671626] sched_clock: Marking stable (669418050, 0)->(819567640, -150149590)
[    0.673993] registered taskstats version 1
[    0.674853] Loading compiled-in X.509 certificates
[    0.677785] Loaded X.509 cert 'Build time autogenerated kernel key: 423d6fc95fe30468112015aeb92af84ef3acf368'
[    0.679803] zswap: loaded using pool lzo/zbud
[    0.685908] Key type big_key registered
[    0.686904] Key type trusted registered
[    0.689429] Key type encrypted registered
[    0.690525] AppArmor: AppArmor sha1 policy hashing enabled
[    0.691812] ima: No TPM chip found, activating TPM-bypass! (rc=-19)
[    0.693449] ima: Allocated hash algorithm: sha1
[    0.694962] evm: HMAC attrs: 0x1
[    0.696274]   Magic number: 12:232:323
[    0.697461] tty tty48: hash matches
[    0.698647] rtc_cmos rtc_cmos: setting system clock to 2020-11-13 09:18:31 UTC (1605259111)
[    0.701860] BIOS EDD facility v0.16 2004-Jun-25, 0 devices found
[    0.703422] EDD information not available.
[    0.994551] Freeing unused kernel image memory: 2436K
[    1.004428] Write protecting the kernel read-only data: 20480k
[    1.006181] Freeing unused kernel image memory: 2008K
[    1.007651] Freeing unused kernel image memory: 1872K
[    1.014064] x86/mm: Checked W+X mappings: passed, no W+X pages found.
[    1.015295] x86/mm: Checking user space page tables
[    1.021773] x86/mm: Checked W+X mappings: passed, no W+X pages found.
Loading, please wait...
starting version 237
[    1.092117] e1000: Intel(R) PRO/1000 Network Driver - version 7.3.21-k8-NAPI
[    1.093651] e1000: Copyright (c) 1999-2006 Intel Corporation.
[    1.106862] Fusion MPT base driver 3.04.20
[    1.108068] Copyright (c) 1999-2008 LSI Corporation
[    1.116742] Fusion MPT SPI Host driver 3.04.20
[    1.119806] AVX2 version of gcm_enc/dec engaged.
[    1.120972] AES CTR mode by8 optimization enabled
[    1.303550] input: ImExPS/2 Generic Explorer Mouse as /devices/platform/i8042/serio1/input/input4
[    1.608374] e1000 0000:00:03.0 eth0: (PCI:33MHz:32-bit) 02:57:50:35:f1:66
[    1.609724] e1000 0000:00:03.0 eth0: Intel(R) PRO/1000 Network Connection
[    1.611922] mptbase: ioc0: Initiating bringup
[    2.144706] ioc0: LSI53C1030 A0: Capabilities={Initiator}
[    5.026742] scsi host2: ioc0: LSI53C1030 A0, FwRev=00000000h, Ports=1, MaxQ=256, IRQ=20
[    6.194668] scsi 2:0:0:0: Direct-Access     VBOX     HARDDISK         1.0  PQ: 0 ANSI: 5
[    6.232364] scsi target2:0:0: Beginning Domain Validation
[    6.234402] scsi target2:0:0: Domain Validation skipping write tests
[    6.235724] scsi target2:0:0: Ending Domain Validation
[    6.236819] scsi target2:0:0: asynchronous
[    6.238054] scsi 2:0:1:0: Direct-Access     VBOX     HARDDISK         1.0  PQ: 0 ANSI: 5
[    6.604384] scsi target2:0:1: Beginning Domain Validation
[    6.608222] random: fast init done
[    6.609500] scsi target2:0:1: Domain Validation skipping write tests
[    6.611287] scsi target2:0:1: Ending Domain Validation
[    6.613018] scsi target2:0:1: asynchronous
[    6.621812] sd 2:0:0:0: Attached scsi generic sg0 type 0
[    6.621841] random: systemd-udevd: uninitialized urandom read (16 bytes read)
[    6.624945] random: systemd-udevd: uninitialized urandom read (16 bytes read)
[    6.625358] sd 2:0:1:0: [sdb] 20480 512-byte logical blocks: (10.5 MB/10.0 MiB)
[    6.627112] random: systemd-udevd: uninitialized urandom read (16 bytes read)
[    6.628884] sd 2:0:1:0: Attached scsi generic sg1 type 0
[    6.630480] sd 2:0:0:0: [sda] 20971520 512-byte logical blocks: (10.7 GB/10.0 GiB)
[    6.630714] e1000 0000:00:08.0 eth1: (PCI:33MHz:32-bit) 08:00:27:12:e8:e1
[    6.631962] sd 2:0:1:0: [sdb] Write Protect is off
[    6.633678] e1000 0000:00:08.0 eth1: Intel(R) PRO/1000 Network Connection
[    6.636712] sd 2:0:0:0: [sda] Write Protect is off
[    6.638562] sd 2:0:1:0: [sdb] Incomplete mode parameter data
[    6.641574] sd 2:0:1:0: [sdb] Assuming drive cache: write through
[    6.643405] sd 2:0:0:0: [sda] Incomplete mode parameter data
[    6.644909] sd 2:0:0:0: [sda] Assuming drive cache: write through
[    6.647576]  sda: sda1
[    6.648799] sd 2:0:1:0: [sdb] Attached SCSI disk
[    6.648971] e1000 0000:00:08.0 enp0s8: renamed from eth1
[    6.652331] sd 2:0:0:0: [sda] Attached SCSI disk
[    6.674022] e1000 0000:00:03.0 enp0s3: renamed from eth0
